Fri Mar 19 20:13:51 UTC 2021
Start Regression test


baseline dir = /scratch1/NCEPDEV/nems/emc.nemspara/RT/NEMSfv3gfs/develop-20210128/INTEL/fv3_lndp_ccpp
working dir  = /scratch1/NCEPDEV/stmp2/Jun.Wang/FV3_RT/rt_236594/fv3_ccpp_lndp_prod
Checking test 001 fv3_ccpp_lndp results ....
 Comparing phyf000.nc ............MISSING baseline
 Comparing phyf012.nc ............MISSING baseline
 Comparing dynf000.nc ............MISSING baseline
 Comparing dynf012.nc ............MISSING baseline
 Comparing GFSFLX.GrbF00 ............MISSING baseline
 Comparing GFSFLX.GrbF12 ............MISSING baseline
 Comparing GFSPRS.GrbF00 ............MISSING baseline
 Comparing GFSPRS.GrbF12 ............MISSING baseline
 Comparing RESTART/coupler.res ............ALT CHECK......OK
 Comparing RESTART/fv_core.res.nc ............ALT CHECK......OK
 Comparing RESTART/fv_core.res.tile1.nc ............ALT CHECK......NOT OK
 Comparing RESTART/fv_core.res.tile2.nc ............ALT CHECK......NOT OK
 Comparing RESTART/fv_core.res.tile3.nc ............ALT CHECK......NOT OK
 Comparing RESTART/fv_core.res.tile4.nc ............ALT CHECK......NOT OK
 Comparing RESTART/fv_core.res.tile5.nc ............ALT CHECK......NOT OK
 Comparing RESTART/fv_core.res.tile6.nc ............ALT CHECK......NOT OK
 Comparing RESTART/fv_srf_wnd.res.tile1.nc ............ALT CHECK......NOT OK
 Comparing RESTART/fv_srf_wnd.res.tile2.nc ............ALT CHECK......NOT OK
 Comparing RESTART/fv_srf_wnd.res.tile3.nc ............ALT CHECK......NOT OK
 Comparing RESTART/fv_srf_wnd.res.tile4.nc ............ALT CHECK......NOT OK
 Comparing RESTART/fv_srf_wnd.res.tile5.nc ............ALT CHECK......NOT OK
 Comparing RESTART/fv_srf_wnd.res.tile6.nc ............ALT CHECK......NOT OK
 Comparing RESTART/fv_tracer.res.tile1.nc ............ALT CHECK......NOT OK
 Comparing RESTART/fv_tracer.res.tile2.nc ............ALT CHECK......NOT OK
 Comparing RESTART/fv_tracer.res.tile3.nc ............ALT CHECK......NOT OK
 Comparing RESTART/fv_tracer.res.tile4.nc ............ALT CHECK......NOT OK
 Comparing RESTART/fv_tracer.res.tile5.nc ............ALT CHECK......NOT OK
 Comparing RESTART/fv_tracer.res.tile6.nc ............ALT CHECK......NOT OK
 Comparing RESTART/phy_data.tile1.nc ............ALT CHECK......NOT OK
 Comparing RESTART/phy_data.tile2.nc ............ALT CHECK......NOT OK
 Comparing RESTART/phy_data.tile3.nc ............ALT CHECK......NOT OK
 Comparing RESTART/phy_data.tile4.nc ............ALT CHECK......NOT OK
 Comparing RESTART/phy_data.tile5.nc ............ALT CHECK......NOT OK
 Comparing RESTART/phy_data.tile6.nc ............ALT CHECK......NOT OK
 Comparing RESTART/sfc_data.tile1.nc ............ALT CHECK......NOT OK
 Comparing RESTART/sfc_data.tile2.nc ............ALT CHECK......NOT OK
 Comparing RESTART/sfc_data.tile3.nc ............ALT CHECK......NOT OK
 Comparing RESTART/sfc_data.tile4.nc ............ALT CHECK......NOT OK
 Comparing RESTART/sfc_data.tile5.nc ............ALT CHECK......NOT OK
 Comparing RESTART/sfc_data.tile6.nc ............ALT CHECK......NOT OK
Test 001 fv3_ccpp_lndp FAIL

FAILED TESTS: 
Test fv3_ccpp_lndp 001 failed in check_result failed 

REGRESSION TEST FAILED
Fri Mar 19 21:43:52 UTC 2021
Elapsed time: 01h:30m:02s. Have a nice day!
